<?xml version="1.0" encoding="UTF-8"?>
<coverage generated="1678346039171" clover="3.2.0">
  <project timestamp="1678346039171" name="All files">
    <metrics statements="27" coveredstatements="27" conditionals="2" coveredconditionals="2" methods="21" coveredmethods="21" elements="50" coveredelements="50" complexity="0" loc="27" ncloc="27" packages="3" files="4" classes="4"/>
    <package name="components">
      <metrics statements="2" coveredstatements="2" conditionals="0" coveredconditionals="0" methods="1" coveredmethods="1"/>
      <file name="PostCard.vue" path="E:\FOLDER\Document\BLIBLI\Belajar\blog-project\src\components\PostCard.vue">
        <metrics statements="2" coveredstatements="2" conditionals="0" coveredconditionals="0" methods="1" coveredmethods="1"/>
        <line num="1" count="33" type="stmt"/>
        <line num="9" count="2" type="stmt"/>
      </file>
    </package>
    <package name="store">
      <metrics statements="23" coveredstatements="23" conditionals="0" coveredconditionals="0" methods="18" coveredmethods="18"/>
      <file name="main.js" path="E:\FOLDER\Document\BLIBLI\Belajar\blog-project\src\store\main.js">
        <metrics statements="23" coveredstatements="23" conditionals="0" coveredconditionals="0" methods="18" coveredmethods="18"/>
        <line num="4" count="3" type="stmt"/>
        <line num="11" count="3" type="stmt"/>
        <line num="13" count="1" type="stmt"/>
        <line num="14" count="2" type="stmt"/>
        <line num="15" count="2" type="stmt"/>
        <line num="17" count="2" type="stmt"/>
        <line num="21" count="1" type="stmt"/>
        <line num="24" count="1" type="stmt"/>
        <line num="27" count="1" type="stmt"/>
        <line num="31" count="3" type="stmt"/>
        <line num="33" count="1" type="stmt"/>
        <line num="36" count="1" type="stmt"/>
        <line num="39" count="1" type="stmt"/>
        <line num="42" count="1" type="stmt"/>
        <line num="45" count="3" type="stmt"/>
        <line num="48" count="1" type="stmt"/>
        <line num="50" count="1" type="stmt"/>
        <line num="54" count="1" type="stmt"/>
        <line num="56" count="1" type="stmt"/>
        <line num="60" count="1" type="stmt"/>
        <line num="62" count="1" type="stmt"/>
        <line num="66" count="1" type="stmt"/>
        <line num="68" count="1" type="stmt"/>
      </file>
    </package>
    <package name="views">
      <metrics statements="2" coveredstatements="2" conditionals="2" coveredconditionals="2" methods="2" coveredmethods="2"/>
      <file name="PostDetailView.vue" path="E:\FOLDER\Document\BLIBLI\Belajar\blog-project\src\views\PostDetailView.vue">
        <metrics statements="1" coveredstatements="1" conditionals="2" coveredconditionals="2" methods="1" coveredmethods="1"/>
        <line num="1" count="27" type="cond" truecount="2" falsecount="0"/>
      </file>
      <file name="PostListView.vue" path="E:\FOLDER\Document\BLIBLI\Belajar\blog-project\src\views\PostListView.vue">
        <metrics statements="1" coveredstatements="1" conditionals="0" coveredconditionals="0" methods="1" coveredmethods="1"/>
        <line num="1" count="23" type="stmt"/>
      </file>
    </package>
  </project>
</coverage>
