<?xml version="1.0" encoding="UTF-8"?>
<coverage generated="1678376779669" clover="3.2.0">
  <project timestamp="1678376779669" name="All files">
    <metrics statements="37" coveredstatements="37" conditionals="4" coveredconditionals="4" methods="27" coveredmethods="27" elements="68" coveredelements="68" complexity="0" loc="37" ncloc="37" packages="3" files="4" classes="4"/>
    <package name="components">
      <metrics statements="2" coveredstatements="2" conditionals="0" coveredconditionals="0" methods="1" coveredmethods="1"/>
      <file name="PostCard.vue" path="E:\FOLDER\Document\BLIBLI\Belajar\blog-project\src\components\PostCard.vue">
        <metrics statements="2" coveredstatements="2" conditionals="0" coveredconditionals="0" methods="1" coveredmethods="1"/>
        <line num="1" count="33" type="stmt"/>
        <line num="9" count="2" type="stmt"/>
      </file>
    </package>
    <package name="store">
      <metrics statements="33" coveredstatements="33" conditionals="0" coveredconditionals="0" methods="24" coveredmethods="24"/>
      <file name="main.js" path="E:\FOLDER\Document\BLIBLI\Belajar\blog-project\src\store\main.js">
        <metrics statements="33" coveredstatements="33" conditionals="0" coveredconditionals="0" methods="24" coveredmethods="24"/>
        <line num="4" count="3" type="stmt"/>
        <line num="12" count="3" type="stmt"/>
        <line num="14" count="1" type="stmt"/>
        <line num="15" count="2" type="stmt"/>
        <line num="16" count="2" type="stmt"/>
        <line num="18" count="2" type="stmt"/>
        <line num="22" count="1" type="stmt"/>
        <line num="25" count="1" type="stmt"/>
        <line num="28" count="1" type="stmt"/>
        <line num="31" count="1" type="stmt"/>
        <line num="35" count="3" type="stmt"/>
        <line num="37" count="1" type="stmt"/>
        <line num="40" count="1" type="stmt"/>
        <line num="43" count="1" type="stmt"/>
        <line num="46" count="1" type="stmt"/>
        <line num="49" count="1" type="stmt"/>
        <line num="52" count="3" type="stmt"/>
        <line num="55" count="2" type="stmt"/>
        <line num="57" count="1" type="stmt"/>
        <line num="60" count="1" type="stmt"/>
        <line num="61" count="1" type="stmt"/>
        <line num="65" count="2" type="stmt"/>
        <line num="67" count="1" type="stmt"/>
        <line num="70" count="1" type="stmt"/>
        <line num="71" count="1" type="stmt"/>
        <line num="75" count="2" type="stmt"/>
        <line num="77" count="1" type="stmt"/>
        <line num="80" count="1" type="stmt"/>
        <line num="81" count="1" type="stmt"/>
        <line num="85" count="2" type="stmt"/>
        <line num="87" count="1" type="stmt"/>
        <line num="90" count="1" type="stmt"/>
        <line num="91" count="1" type="stmt"/>
      </file>
    </package>
    <package name="views">
      <metrics statements="2" coveredstatements="2" conditionals="4" coveredconditionals="4" methods="2" coveredmethods="2"/>
      <file name="PostDetailView.vue" path="E:\FOLDER\Document\BLIBLI\Belajar\blog-project\src\views\PostDetailView.vue">
        <metrics statements="1" coveredstatements="1" conditionals="2" coveredconditionals="2" methods="1" coveredmethods="1"/>
        <line num="1" count="27" type="cond" truecount="2" falsecount="0"/>
      </file>
      <file name="PostListView.vue" path="E:\FOLDER\Document\BLIBLI\Belajar\blog-project\src\views\PostListView.vue">
        <metrics statements="1" coveredstatements="1" conditionals="2" coveredconditionals="2" methods="1" coveredmethods="1"/>
        <line num="1" count="26" type="cond" truecount="2" falsecount="0"/>
      </file>
    </package>
  </project>
</coverage>
