{"E:\\FOLDER\\Document\\BLIBLI\\Belajar\\blog-project\\src\\components\\PostCard.vue": {"path":"E:\\FOLDER\\Document\\BLIBLI\\Belajar\\blog-project\\src\\components\\PostCard.vue","statementMap":{"0":{"start":{"line":9,"column":0},"end":{"line":29,"column":null}},"1":{"start":{"line":1,"column":0},"end":{"line":1,"column":null}}},"fnMap":{"0":{"name":"(anonymous_2)","decl":{"start":{"line":1,"column":0},"end":{"line":1,"column":null}},"loc":{"start":{"line":1,"column":0},"end":{"line":1,"column":null}}}},"branchMap":{},"s":{"0":2,"1":33},"f":{"0":9},"b":{}}
,"E:\\FOLDER\\Document\\BLIBLI\\Belajar\\blog-project\\src\\store\\main.js": {"path":"E:\\FOLDER\\Document\\BLIBLI\\Belajar\\blog-project\\src\\store\\main.js","statementMap":{"0":{"start":{"line":4,"column":21},"end":{"line":10,"column":3}},"1":{"start":{"line":12,"column":25},"end":{"line":34,"column":3}},"2":{"start":{"line":14,"column":6},"end":{"line":19,"column":8}},"3":{"start":{"line":15,"column":8},"end":{"line":17,"column":10}},"4":{"start":{"line":16,"column":10},"end":{"line":16,"column":42}},"5":{"start":{"line":18,"column":8},"end":{"line":18,"column":19}},"6":{"start":{"line":22,"column":6},"end":{"line":22,"column":23}},"7":{"start":{"line":25,"column":6},"end":{"line":25,"column":26}},"8":{"start":{"line":28,"column":6},"end":{"line":28,"column":25}},"9":{"start":{"line":31,"column":6},"end":{"line":31,"column":24}},"10":{"start":{"line":35,"column":27},"end":{"line":51,"column":3}},"11":{"start":{"line":37,"column":6},"end":{"line":37,"column":29}},"12":{"start":{"line":40,"column":6},"end":{"line":40,"column":25}},"13":{"start":{"line":43,"column":6},"end":{"line":43,"column":23}},"14":{"start":{"line":46,"column":6},"end":{"line":46,"column":27}},"15":{"start":{"line":49,"column":6},"end":{"line":49,"column":25}},"16":{"start":{"line":52,"column":25},"end":{"line":95,"column":3}},"17":{"start":{"line":55,"column":6},"end":{"line":62,"column":8}},"18":{"start":{"line":57,"column":8},"end":{"line":57,"column":43}},"19":{"start":{"line":60,"column":8},"end":{"line":60,"column":34}},"20":{"start":{"line":61,"column":8},"end":{"line":61,"column":41}},"21":{"start":{"line":65,"column":6},"end":{"line":72,"column":8}},"22":{"start":{"line":67,"column":8},"end":{"line":67,"column":41}},"23":{"start":{"line":70,"column":8},"end":{"line":70,"column":34}},"24":{"start":{"line":71,"column":8},"end":{"line":71,"column":41}},"25":{"start":{"line":75,"column":6},"end":{"line":82,"column":8}},"26":{"start":{"line":77,"column":8},"end":{"line":77,"column":40}},"27":{"start":{"line":80,"column":8},"end":{"line":80,"column":34}},"28":{"start":{"line":81,"column":8},"end":{"line":81,"column":41}},"29":{"start":{"line":85,"column":8},"end":{"line":92,"column":10}},"30":{"start":{"line":87,"column":10},"end":{"line":87,"column":44}},"31":{"start":{"line":90,"column":10},"end":{"line":90,"column":36}},"32":{"start":{"line":91,"column":10},"end":{"line":91,"column":43}}},"fnMap":{"0":{"name":"(anonymous_0)","decl":{"start":{"line":13,"column":11},"end":{"line":13,"column":12}},"loc":{"start":{"line":13,"column":21},"end":{"line":20,"column":5}},"line":13},"1":{"name":"(anonymous_1)","decl":{"start":{"line":14,"column":29},"end":{"line":14,"column":30}},"loc":{"start":{"line":14,"column":37},"end":{"line":19,"column":7}},"line":14},"2":{"name":"(anonymous_2)","decl":{"start":{"line":15,"column":41},"end":{"line":15,"column":42}},"loc":{"start":{"line":15,"column":51},"end":{"line":17,"column":9}},"line":15},"3":{"name":"(anonymous_3)","decl":{"start":{"line":21,"column":10},"end":{"line":21,"column":11}},"loc":{"start":{"line":21,"column":20},"end":{"line":23,"column":5}},"line":21},"4":{"name":"(anonymous_4)","decl":{"start":{"line":24,"column":13},"end":{"line":24,"column":14}},"loc":{"start":{"line":24,"column":23},"end":{"line":26,"column":5}},"line":24},"5":{"name":"(anonymous_5)","decl":{"start":{"line":27,"column":12},"end":{"line":27,"column":13}},"loc":{"start":{"line":27,"column":22},"end":{"line":29,"column":5}},"line":27},"6":{"name":"(anonymous_6)","decl":{"start":{"line":30,"column":11},"end":{"line":30,"column":12}},"loc":{"start":{"line":30,"column":21},"end":{"line":32,"column":5}},"line":30},"7":{"name":"(anonymous_7)","decl":{"start":{"line":36,"column":4},"end":{"line":36,"column":5}},"loc":{"start":{"line":36,"column":31},"end":{"line":38,"column":5}},"line":36},"8":{"name":"(anonymous_8)","decl":{"start":{"line":39,"column":4},"end":{"line":39,"column":5}},"loc":{"start":{"line":39,"column":27},"end":{"line":41,"column":5}},"line":39},"9":{"name":"(anonymous_9)","decl":{"start":{"line":42,"column":4},"end":{"line":42,"column":5}},"loc":{"start":{"line":42,"column":25},"end":{"line":44,"column":5}},"line":42},"10":{"name":"(anonymous_10)","decl":{"start":{"line":45,"column":4},"end":{"line":45,"column":5}},"loc":{"start":{"line":45,"column":29},"end":{"line":47,"column":5}},"line":45},"11":{"name":"(anonymous_11)","decl":{"start":{"line":48,"column":4},"end":{"line":48,"column":5}},"loc":{"start":{"line":48,"column":26},"end":{"line":50,"column":5}},"line":48},"12":{"name":"(anonymous_12)","decl":{"start":{"line":53,"column":18},"end":{"line":53,"column":19}},"loc":{"start":{"line":53,"column":34},"end":{"line":63,"column":5}},"line":53},"13":{"name":"(anonymous_13)","decl":{"start":{"line":56,"column":12},"end":{"line":56,"column":13}},"loc":{"start":{"line":56,"column":24},"end":{"line":58,"column":7}},"line":56},"14":{"name":"(anonymous_14)","decl":{"start":{"line":59,"column":13},"end":{"line":59,"column":14}},"loc":{"start":{"line":59,"column":21},"end":{"line":62,"column":7}},"line":59},"15":{"name":"(anonymous_15)","decl":{"start":{"line":64,"column":16},"end":{"line":64,"column":17}},"loc":{"start":{"line":64,"column":32},"end":{"line":73,"column":5}},"line":64},"16":{"name":"(anonymous_16)","decl":{"start":{"line":66,"column":12},"end":{"line":66,"column":13}},"loc":{"start":{"line":66,"column":24},"end":{"line":68,"column":7}},"line":66},"17":{"name":"(anonymous_17)","decl":{"start":{"line":69,"column":13},"end":{"line":69,"column":14}},"loc":{"start":{"line":69,"column":21},"end":{"line":72,"column":7}},"line":69},"18":{"name":"(anonymous_18)","decl":{"start":{"line":74,"column":15},"end":{"line":74,"column":16}},"loc":{"start":{"line":74,"column":39},"end":{"line":83,"column":5}},"line":74},"19":{"name":"(anonymous_19)","decl":{"start":{"line":76,"column":12},"end":{"line":76,"column":13}},"loc":{"start":{"line":76,"column":24},"end":{"line":78,"column":7}},"line":76},"20":{"name":"(anonymous_20)","decl":{"start":{"line":79,"column":13},"end":{"line":79,"column":14}},"loc":{"start":{"line":79,"column":21},"end":{"line":82,"column":7}},"line":79},"21":{"name":"(anonymous_21)","decl":{"start":{"line":84,"column":17},"end":{"line":84,"column":18}},"loc":{"start":{"line":84,"column":43},"end":{"line":93,"column":5}},"line":84},"22":{"name":"(anonymous_22)","decl":{"start":{"line":86,"column":14},"end":{"line":86,"column":15}},"loc":{"start":{"line":86,"column":26},"end":{"line":88,"column":9}},"line":86},"23":{"name":"(anonymous_23)","decl":{"start":{"line":89,"column":15},"end":{"line":89,"column":16}},"loc":{"start":{"line":89,"column":23},"end":{"line":92,"column":9}},"line":89}},"branchMap":{},"s":{"0":3,"1":3,"2":1,"3":2,"4":2,"5":2,"6":1,"7":1,"8":1,"9":1,"10":3,"11":1,"12":1,"13":1,"14":1,"15":1,"16":3,"17":2,"18":1,"19":1,"20":1,"21":2,"22":1,"23":1,"24":1,"25":2,"26":1,"27":1,"28":1,"29":2,"30":1,"31":1,"32":1},"f":{"0":1,"1":2,"2":2,"3":1,"4":1,"5":1,"6":1,"7":1,"8":1,"9":1,"10":1,"11":1,"12":2,"13":1,"14":1,"15":2,"16":1,"17":1,"18":2,"19":1,"20":1,"21":2,"22":1,"23":1},"b":{},"_coverageSchema":"1a1c01bbd47fc00a2c39e90264f33305004495a9","hash":"c28e2649c5924521163b33eaf1312970c02c5e13"}
,"E:\\FOLDER\\Document\\BLIBLI\\Belajar\\blog-project\\src\\views\\PostDetailView.vue": {"path":"E:\\FOLDER\\Document\\BLIBLI\\Belajar\\blog-project\\src\\views\\PostDetailView.vue","statementMap":{"0":{"start":{"line":1,"column":0},"end":{"line":1,"column":null}}},"fnMap":{"0":{"name":"(anonymous_0)","decl":{"start":{"line":1,"column":0},"end":{"line":1,"column":null}},"loc":{"start":{"line":1,"column":0},"end":{"line":1,"column":null}}}},"branchMap":{"0":{"loc":{"start":{"line":1,"column":0},"end":{"line":1,"column":null}},"type":"cond-expr","locations":[{"start":{"line":1,"column":0},"end":{"line":1,"column":null}},{"start":{"line":1,"column":0},"end":{"line":1,"column":null}}]}},"s":{"0":27},"f":{"0":8},"b":{"0":[22,8]}}
,"E:\\FOLDER\\Document\\BLIBLI\\Belajar\\blog-project\\src\\views\\PostListView.vue": {"path":"E:\\FOLDER\\Document\\BLIBLI\\Belajar\\blog-project\\src\\views\\PostListView.vue","statementMap":{"0":{"start":{"line":1,"column":0},"end":{"line":1,"column":null}}},"fnMap":{"0":{"name":"(anonymous_0)","decl":{"start":{"line":1,"column":0},"end":{"line":1,"column":null}},"loc":{"start":{"line":1,"column":0},"end":{"line":1,"column":null}}}},"branchMap":{"0":{"loc":{"start":{"line":1,"column":0},"end":{"line":1,"column":null}},"type":"cond-expr","locations":[{"start":{"line":1,"column":0},"end":{"line":1,"column":null}},{"start":{"line":1,"column":0},"end":{"line":1,"column":null}}]}},"s":{"0":26},"f":{"0":13},"b":{"0":[4,1]}}
}
