TN:
SF:src\components\PostCard.vue
FN:1,(anonymous_2)
FNF:1
FNH:1
FNDA:9,(anonymous_2)
DA:1,33
DA:9,2
LF:2
LH:2
BRF:0
BRH:0
end_of_record
TN:
SF:src\store\main.js
FN:12,(anonymous_0)
FN:13,(anonymous_1)
FN:14,(anonymous_2)
FN:20,(anonymous_3)
FN:23,(anonymous_4)
FN:26,(anonymous_5)
FN:32,(anonymous_6)
FN:35,(anonymous_7)
FN:38,(anonymous_8)
FN:41,(anonymous_9)
FN:46,(anonymous_10)
FN:49,(anonymous_11)
FN:53,(anonymous_12)
FN:55,(anonymous_13)
FN:59,(anonymous_14)
FN:61,(anonymous_15)
FN:65,(anonymous_16)
FN:67,(anonymous_17)
FNF:18
FNH:18
FNDA:1,(anonymous_0)
FNDA:2,(anonymous_1)
FNDA:2,(anonymous_2)
FNDA:1,(anonymous_3)
FNDA:1,(anonymous_4)
FNDA:1,(anonymous_5)
FNDA:1,(anonymous_6)
FNDA:1,(anonymous_7)
FNDA:1,(anonymous_8)
FNDA:1,(anonymous_9)
FNDA:1,(anonymous_10)
FNDA:1,(anonymous_11)
FNDA:1,(anonymous_12)
FNDA:1,(anonymous_13)
FNDA:1,(anonymous_14)
FNDA:1,(anonymous_15)
FNDA:1,(anonymous_16)
FNDA:1,(anonymous_17)
DA:4,3
DA:11,3
DA:13,1
DA:14,2
DA:15,2
DA:17,2
DA:21,1
DA:24,1
DA:27,1
DA:31,3
DA:33,1
DA:36,1
DA:39,1
DA:42,1
DA:45,3
DA:48,1
DA:50,1
DA:54,1
DA:56,1
DA:60,1
DA:62,1
DA:66,1
DA:68,1
LF:23
LH:23
BRF:0
BRH:0
end_of_record
TN:
SF:src\views\PostDetailView.vue
FN:1,(anonymous_0)
FNF:1
FNH:1
FNDA:8,(anonymous_0)
DA:1,27
LF:1
LH:1
BRDA:1,0,0,14
BRDA:1,0,1,1
BRF:2
BRH:2
end_of_record
TN:
SF:src\views\PostListView.vue
FN:1,(anonymous_0)
FNF:1
FNH:1
FNDA:12,(anonymous_0)
DA:1,23
LF:1
LH:1
BRF:0
BRH:0
end_of_record
