TN:
SF:src\components\PostCard.vue
FN:1,(anonymous_2)
FNF:1
FNH:1
FNDA:9,(anonymous_2)
DA:1,33
DA:9,2
LF:2
LH:2
BRF:0
BRH:0
end_of_record
TN:
SF:src\store\main.js
FN:13,(anonymous_0)
FN:14,(anonymous_1)
FN:15,(anonymous_2)
FN:21,(anonymous_3)
FN:24,(anonymous_4)
FN:27,(anonymous_5)
FN:30,(anonymous_6)
FN:36,(anonymous_7)
FN:39,(anonymous_8)
FN:42,(anonymous_9)
FN:45,(anonymous_10)
FN:48,(anonymous_11)
FN:53,(anonymous_12)
FN:56,(anonymous_13)
FN:59,(anonymous_14)
FN:64,(anonymous_15)
FN:66,(anonymous_16)
FN:69,(anonymous_17)
FN:74,(anonymous_18)
FN:76,(anonymous_19)
FN:79,(anonymous_20)
FN:84,(anonymous_21)
FN:86,(anonymous_22)
FN:89,(anonymous_23)
FNF:24
FNH:24
FNDA:1,(anonymous_0)
FNDA:2,(anonymous_1)
FNDA:2,(anonymous_2)
FNDA:1,(anonymous_3)
FNDA:1,(anonymous_4)
FNDA:1,(anonymous_5)
FNDA:1,(anonymous_6)
FNDA:1,(anonymous_7)
FNDA:1,(anonymous_8)
FNDA:1,(anonymous_9)
FNDA:1,(anonymous_10)
FNDA:1,(anonymous_11)
FNDA:2,(anonymous_12)
FNDA:1,(anonymous_13)
FNDA:1,(anonymous_14)
FNDA:2,(anonymous_15)
FNDA:1,(anonymous_16)
FNDA:1,(anonymous_17)
FNDA:2,(anonymous_18)
FNDA:1,(anonymous_19)
FNDA:1,(anonymous_20)
FNDA:2,(anonymous_21)
FNDA:1,(anonymous_22)
FNDA:1,(anonymous_23)
DA:4,3
DA:12,3
DA:14,1
DA:15,2
DA:16,2
DA:18,2
DA:22,1
DA:25,1
DA:28,1
DA:31,1
DA:35,3
DA:37,1
DA:40,1
DA:43,1
DA:46,1
DA:49,1
DA:52,3
DA:55,2
DA:57,1
DA:60,1
DA:61,1
DA:65,2
DA:67,1
DA:70,1
DA:71,1
DA:75,2
DA:77,1
DA:80,1
DA:81,1
DA:85,2
DA:87,1
DA:90,1
DA:91,1
LF:33
LH:33
BRF:0
BRH:0
end_of_record
TN:
SF:src\views\PostDetailView.vue
FN:1,(anonymous_0)
FNF:1
FNH:1
FNDA:8,(anonymous_0)
DA:1,27
LF:1
LH:1
BRDA:1,0,0,22
BRDA:1,0,1,8
BRF:2
BRH:2
end_of_record
TN:
SF:src\views\PostListView.vue
FN:1,(anonymous_0)
FNF:1
FNH:1
FNDA:13,(anonymous_0)
DA:1,26
LF:1
LH:1
BRDA:1,0,0,4
BRDA:1,0,1,1
BRF:2
BRH:2
end_of_record
